{"E:\\WebDir\\Online-schools\\GoIT\\Course\\Node31\\lesson10\\app.js": {"path":"E:\\WebDir\\Online-schools\\GoIT\\Course\\Node31\\lesson10\\app.js","statementMap":{"0":{"start":{"line":1,"column":16},"end":{"line":1,"column":34}},"1":{"start":{"line":2,"column":15},"end":{"line":2,"column":32}},"2":{"start":{"line":3,"column":13},"end":{"line":3,"column":28}},"3":{"start":{"line":4,"column":19},"end":{"line":4,"column":51}},"4":{"start":{"line":5,"column":15},"end":{"line":5,"column":32}},"5":{"start":{"line":6,"column":0},"end":{"line":6,"column":26}},"6":{"start":{"line":7,"column":24},"end":{"line":7,"column":51}},"7":{"start":{"line":8,"column":19},"end":{"line":8,"column":48}},"8":{"start":{"line":9,"column":20},"end":{"line":9,"column":51}},"9":{"start":{"line":11,"column":12},"end":{"line":11,"column":21}},"10":{"start":{"line":13,"column":22},"end":{"line":13,"column":72}},"11":{"start":{"line":14,"column":0},"end":{"line":14,"column":40}},"12":{"start":{"line":15,"column":0},"end":{"line":15,"column":17}},"13":{"start":{"line":16,"column":0},"end":{"line":16,"column":59}},"14":{"start":{"line":17,"column":0},"end":{"line":17,"column":15}},"15":{"start":{"line":18,"column":0},"end":{"line":18,"column":39}},"16":{"start":{"line":19,"column":0},"end":{"line":19,"column":21}},"17":{"start":{"line":21,"column":0},"end":{"line":24,"column":2}},"18":{"start":{"line":22,"column":2},"end":{"line":22,"column":53}},"19":{"start":{"line":23,"column":2},"end":{"line":23,"column":8}},"20":{"start":{"line":26,"column":0},"end":{"line":26,"column":34}},"21":{"start":{"line":27,"column":0},"end":{"line":27,"column":32}},"22":{"start":{"line":29,"column":0},"end":{"line":31,"column":2}},"23":{"start":{"line":30,"column":2},"end":{"line":30,"column":76}},"24":{"start":{"line":33,"column":0},"end":{"line":40,"column":2}},"25":{"start":{"line":34,"column":21},"end":{"line":34,"column":38}},"26":{"start":{"line":35,"column":2},"end":{"line":39,"column":4}},"27":{"start":{"line":42,"column":0},"end":{"line":42,"column":20}}},"fnMap":{"0":{"name":"(anonymous_0)","decl":{"start":{"line":21,"column":8},"end":{"line":21,"column":9}},"loc":{"start":{"line":21,"column":28},"end":{"line":24,"column":1}},"line":21},"1":{"name":"(anonymous_1)","decl":{"start":{"line":29,"column":8},"end":{"line":29,"column":9}},"loc":{"start":{"line":29,"column":22},"end":{"line":31,"column":1}},"line":29},"2":{"name":"(anonymous_2)","decl":{"start":{"line":33,"column":8},"end":{"line":33,"column":9}},"loc":{"start":{"line":33,"column":33},"end":{"line":40,"column":1}},"line":33}},"branchMap":{"0":{"loc":{"start":{"line":13,"column":22},"end":{"line":13,"column":72}},"type":"cond-expr","locations":[{"start":{"line":13,"column":57},"end":{"line":13,"column":62}},{"start":{"line":13,"column":65},"end":{"line":13,"column":72}}],"line":13},"1":{"loc":{"start":{"line":16,"column":0},"end":{"line":16,"column":59}},"type":"binary-expr","locations":[{"start":{"line":16,"column":0},"end":{"line":16,"column":25}},{"start":{"line":16,"column":29},"end":{"line":16,"column":59}}],"line":16},"2":{"loc":{"start":{"line":34,"column":21},"end":{"line":34,"column":38}},"type":"binary-expr","locations":[{"start":{"line":34,"column":21},"end":{"line":34,"column":31}},{"start":{"line":34,"column":35},"end":{"line":34,"column":38}}],"line":34},"3":{"loc":{"start":{"line":36,"column":12},"end":{"line":36,"column":49}},"type":"cond-expr","locations":[{"start":{"line":36,"column":33},"end":{"line":36,"column":39}},{"start":{"line":36,"column":42},"end":{"line":36,"column":49}}],"line":36}},"s":{"0":2,"1":2,"2":2,"3":2,"4":2,"5":2,"6":2,"7":2,"8":2,"9":2,"10":2,"11":2,"12":2,"13":2,"14":2,"15":2,"16":2,"17":2,"18":8,"19":8,"20":2,"21":2,"22":2,"23":0,"24":2,"25":0,"26":0,"27":2},"f":{"0":8,"1":0,"2":0},"b":{"0":[0,2],"1":[2,0],"2":[0,0],"3":[0,0]},"_coverageSchema":"1a1c01bbd47fc00a2c39e90264f33305004495a9","hash":"06a183dafbdf90e6ce8b13750e14693357026f69"}
,"E:\\WebDir\\Online-schools\\GoIT\\Course\\Node31\\lesson10\\config\\constants.js": {"path":"E:\\WebDir\\Online-schools\\GoIT\\Course\\Node31\\lesson10\\config\\constants.js","statementMap":{"0":{"start":{"line":1,"column":21},"end":{"line":4,"column":1}},"1":{"start":{"line":6,"column":15},"end":{"line":10,"column":1}},"2":{"start":{"line":12,"column":17},"end":{"line":24,"column":1}},"3":{"start":{"line":26,"column":0},"end":{"line":30,"column":1}}},"fnMap":{},"branchMap":{},"s":{"0":4,"1":4,"2":4,"3":4},"f":{},"b":{},"_coverageSchema":"1a1c01bbd47fc00a2c39e90264f33305004495a9","hash":"c8b0fcacf09511d446028a5775aa72401919cdd9"}
,"E:\\WebDir\\Online-schools\\GoIT\\Course\\Node31\\lesson10\\config\\db.js": {"path":"E:\\WebDir\\Online-schools\\GoIT\\Course\\Node31\\lesson10\\config\\db.js","statementMap":{"0":{"start":{"line":1,"column":17},"end":{"line":1,"column":36}},"1":{"start":{"line":2,"column":0},"end":{"line":2,"column":26}},"2":{"start":{"line":5,"column":0},"end":{"line":9,"column":1}},"3":{"start":{"line":6,"column":2},"end":{"line":6,"column":31}},"4":{"start":{"line":8,"column":2},"end":{"line":8,"column":26}},"5":{"start":{"line":11,"column":11},"end":{"line":14,"column":2}},"6":{"start":{"line":16,"column":0},"end":{"line":24,"column":1}},"7":{"start":{"line":17,"column":2},"end":{"line":19,"column":4}},"8":{"start":{"line":18,"column":4},"end":{"line":18,"column":44}},"9":{"start":{"line":21,"column":2},"end":{"line":23,"column":4}},"10":{"start":{"line":22,"column":4},"end":{"line":22,"column":59}},"11":{"start":{"line":27,"column":0},"end":{"line":31,"column":2}},"12":{"start":{"line":28,"column":2},"end":{"line":28,"column":35}},"13":{"start":{"line":29,"column":2},"end":{"line":29,"column":40}},"14":{"start":{"line":30,"column":2},"end":{"line":30,"column":16}},"15":{"start":{"line":33,"column":0},"end":{"line":33,"column":19}}},"fnMap":{"0":{"name":"(anonymous_0)","decl":{"start":{"line":17,"column":38},"end":{"line":17,"column":39}},"loc":{"start":{"line":17,"column":44},"end":{"line":19,"column":3}},"line":17},"1":{"name":"(anonymous_1)","decl":{"start":{"line":21,"column":34},"end":{"line":21,"column":35}},"loc":{"start":{"line":21,"column":43},"end":{"line":23,"column":3}},"line":21},"2":{"name":"(anonymous_2)","decl":{"start":{"line":27,"column":21},"end":{"line":27,"column":22}},"loc":{"start":{"line":27,"column":33},"end":{"line":31,"column":1}},"line":27}},"branchMap":{"0":{"loc":{"start":{"line":5,"column":0},"end":{"line":9,"column":1}},"type":"if","locations":[{"start":{"line":5,"column":0},"end":{"line":9,"column":1}},{"start":{"line":7,"column":7},"end":{"line":9,"column":1}}],"line":5},"1":{"loc":{"start":{"line":16,"column":0},"end":{"line":24,"column":1}},"type":"if","locations":[{"start":{"line":16,"column":0},"end":{"line":24,"column":1}},{"start":{},"end":{}}],"line":16}},"s":{"0":2,"1":2,"2":2,"3":2,"4":0,"5":2,"6":2,"7":2,"8":2,"9":2,"10":0,"11":2,"12":0,"13":0,"14":0,"15":2},"f":{"0":2,"1":0,"2":0},"b":{"0":[2,0],"1":[2,0]},"_coverageSchema":"1a1c01bbd47fc00a2c39e90264f33305004495a9","hash":"1f7825ca71c02613ba3ff920aa0e50bbe6f86aca"}
,"E:\\WebDir\\Online-schools\\GoIT\\Course\\Node31\\lesson10\\config\\passport.js": {"path":"E:\\WebDir\\Online-schools\\GoIT\\Course\\Node31\\lesson10\\config\\passport.js","statementMap":{"0":{"start":{"line":1,"column":17},"end":{"line":1,"column":36}},"1":{"start":{"line":2,"column":33},"end":{"line":2,"column":56}},"2":{"start":{"line":3,"column":14},"end":{"line":3,"column":44}},"3":{"start":{"line":4,"column":0},"end":{"line":4,"column":26}},"4":{"start":{"line":5,"column":19},"end":{"line":5,"column":45}},"5":{"start":{"line":7,"column":15},"end":{"line":10,"column":1}},"6":{"start":{"line":12,"column":0},"end":{"line":27,"column":1}},"7":{"start":{"line":14,"column":4},"end":{"line":25,"column":5}},"8":{"start":{"line":15,"column":19},"end":{"line":15,"column":51}},"9":{"start":{"line":16,"column":6},"end":{"line":18,"column":7}},"10":{"start":{"line":17,"column":8},"end":{"line":17,"column":55}},"11":{"start":{"line":19,"column":6},"end":{"line":21,"column":7}},"12":{"start":{"line":20,"column":8},"end":{"line":20,"column":32}},"13":{"start":{"line":22,"column":6},"end":{"line":22,"column":29}},"14":{"start":{"line":24,"column":6},"end":{"line":24,"column":29}}},"fnMap":{"0":{"name":"(anonymous_0)","decl":{"start":{"line":13,"column":23},"end":{"line":13,"column":24}},"loc":{"start":{"line":13,"column":48},"end":{"line":26,"column":3}},"line":13}},"branchMap":{"0":{"loc":{"start":{"line":16,"column":6},"end":{"line":18,"column":7}},"type":"if","locations":[{"start":{"line":16,"column":6},"end":{"line":18,"column":7}},{"start":{},"end":{}}],"line":16},"1":{"loc":{"start":{"line":19,"column":6},"end":{"line":21,"column":7}},"type":"if","locations":[{"start":{"line":19,"column":6},"end":{"line":21,"column":7}},{"start":{},"end":{}}],"line":19}},"s":{"0":3,"1":3,"2":3,"3":3,"4":3,"5":3,"6":3,"7":5,"8":5,"9":5,"10":0,"11":5,"12":0,"13":5,"14":0},"f":{"0":5},"b":{"0":[0,5],"1":[0,5]},"_coverageSchema":"1a1c01bbd47fc00a2c39e90264f33305004495a9","hash":"1ac03cd57d2b2cd0d96bba0deec2b0c05a2fa130"}
,"E:\\WebDir\\Online-schools\\GoIT\\Course\\Node31\\lesson10\\controllers\\cats.js": {"path":"E:\\WebDir\\Online-schools\\GoIT\\Course\\Node31\\lesson10\\controllers\\cats.js","statementMap":{"0":{"start":{"line":1,"column":13},"end":{"line":1,"column":42}},"1":{"start":{"line":2,"column":24},"end":{"line":2,"column":57}},"2":{"start":{"line":4,"column":16},"end":{"line":8,"column":1}},"3":{"start":{"line":5,"column":17},"end":{"line":5,"column":29}},"4":{"start":{"line":6,"column":15},"end":{"line":6,"column":53}},"5":{"start":{"line":7,"column":2},"end":{"line":7,"column":63}},"6":{"start":{"line":10,"column":15},"end":{"line":19,"column":1}},"7":{"start":{"line":11,"column":17},"end":{"line":11,"column":29}},"8":{"start":{"line":12,"column":14},"end":{"line":12,"column":58}},"9":{"start":{"line":14,"column":2},"end":{"line":16,"column":3}},"10":{"start":{"line":15,"column":4},"end":{"line":15,"column":80}},"11":{"start":{"line":18,"column":2},"end":{"line":18,"column":41}},"12":{"start":{"line":21,"column":16},"end":{"line":25,"column":1}},"13":{"start":{"line":22,"column":17},"end":{"line":22,"column":29}},"14":{"start":{"line":23,"column":14},"end":{"line":23,"column":63}},"15":{"start":{"line":24,"column":2},"end":{"line":24,"column":71}},"16":{"start":{"line":27,"column":18},"end":{"line":34,"column":1}},"17":{"start":{"line":28,"column":17},"end":{"line":28,"column":29}},"18":{"start":{"line":29,"column":14},"end":{"line":29,"column":57}},"19":{"start":{"line":30,"column":2},"end":{"line":32,"column":3}},"20":{"start":{"line":31,"column":4},"end":{"line":31,"column":80}},"21":{"start":{"line":33,"column":2},"end":{"line":33,"column":41}},"22":{"start":{"line":36,"column":18},"end":{"line":43,"column":1}},"23":{"start":{"line":37,"column":17},"end":{"line":37,"column":29}},"24":{"start":{"line":38,"column":14},"end":{"line":38,"column":67}},"25":{"start":{"line":39,"column":2},"end":{"line":41,"column":3}},"26":{"start":{"line":40,"column":4},"end":{"line":40,"column":80}},"27":{"start":{"line":42,"column":2},"end":{"line":42,"column":41}},"28":{"start":{"line":45,"column":34},"end":{"line":52,"column":1}},"29":{"start":{"line":46,"column":17},"end":{"line":46,"column":29}},"30":{"start":{"line":47,"column":14},"end":{"line":47,"column":67}},"31":{"start":{"line":48,"column":2},"end":{"line":50,"column":3}},"32":{"start":{"line":49,"column":4},"end":{"line":49,"column":80}},"33":{"start":{"line":51,"column":2},"end":{"line":51,"column":41}},"34":{"start":{"line":54,"column":0},"end":{"line":61,"column":1}}},"fnMap":{"0":{"name":"(anonymous_0)","decl":{"start":{"line":4,"column":16},"end":{"line":4,"column":17}},"loc":{"start":{"line":4,"column":36},"end":{"line":8,"column":1}},"line":4},"1":{"name":"(anonymous_1)","decl":{"start":{"line":10,"column":15},"end":{"line":10,"column":16}},"loc":{"start":{"line":10,"column":41},"end":{"line":19,"column":1}},"line":10},"2":{"name":"(anonymous_2)","decl":{"start":{"line":21,"column":16},"end":{"line":21,"column":17}},"loc":{"start":{"line":21,"column":42},"end":{"line":25,"column":1}},"line":21},"3":{"name":"(anonymous_3)","decl":{"start":{"line":27,"column":18},"end":{"line":27,"column":19}},"loc":{"start":{"line":27,"column":44},"end":{"line":34,"column":1}},"line":27},"4":{"name":"(anonymous_4)","decl":{"start":{"line":36,"column":18},"end":{"line":36,"column":19}},"loc":{"start":{"line":36,"column":44},"end":{"line":43,"column":1}},"line":36},"5":{"name":"(anonymous_5)","decl":{"start":{"line":45,"column":34},"end":{"line":45,"column":35}},"loc":{"start":{"line":45,"column":60},"end":{"line":52,"column":1}},"line":45}},"branchMap":{"0":{"loc":{"start":{"line":14,"column":2},"end":{"line":16,"column":3}},"type":"if","locations":[{"start":{"line":14,"column":2},"end":{"line":16,"column":3}},{"start":{},"end":{}}],"line":14},"1":{"loc":{"start":{"line":30,"column":2},"end":{"line":32,"column":3}},"type":"if","locations":[{"start":{"line":30,"column":2},"end":{"line":32,"column":3}},{"start":{},"end":{}}],"line":30},"2":{"loc":{"start":{"line":39,"column":2},"end":{"line":41,"column":3}},"type":"if","locations":[{"start":{"line":39,"column":2},"end":{"line":41,"column":3}},{"start":{},"end":{}}],"line":39},"3":{"loc":{"start":{"line":48,"column":2},"end":{"line":50,"column":3}},"type":"if","locations":[{"start":{"line":48,"column":2},"end":{"line":50,"column":3}},{"start":{},"end":{}}],"line":48}},"s":{"0":3,"1":3,"2":3,"3":1,"4":1,"5":1,"6":3,"7":2,"8":2,"9":2,"10":1,"11":1,"12":3,"13":1,"14":1,"15":1,"16":3,"17":0,"18":0,"19":0,"20":0,"21":0,"22":3,"23":3,"24":3,"25":3,"26":1,"27":2,"28":3,"29":0,"30":0,"31":0,"32":0,"33":0,"34":3},"f":{"0":1,"1":2,"2":1,"3":0,"4":3,"5":0},"b":{"0":[1,1],"1":[0,0],"2":[1,2],"3":[0,0]},"_coverageSchema":"1a1c01bbd47fc00a2c39e90264f33305004495a9","hash":"a3231f6ca035ddb7db219c3158771e8fd77af46e"}
,"E:\\WebDir\\Online-schools\\GoIT\\Course\\Node31\\lesson10\\controllers\\users.js": {"path":"E:\\WebDir\\Online-schools\\GoIT\\Course\\Node31\\lesson10\\controllers\\users.js","statementMap":{"0":{"start":{"line":1,"column":12},"end":{"line":1,"column":35}},"1":{"start":{"line":2,"column":11},"end":{"line":2,"column":33}},"2":{"start":{"line":5,"column":14},"end":{"line":5,"column":44}},"3":{"start":{"line":7,"column":22},"end":{"line":7,"column":57}},"4":{"start":{"line":8,"column":21},"end":{"line":8,"column":51}},"5":{"start":{"line":9,"column":0},"end":{"line":9,"column":26}},"6":{"start":{"line":10,"column":19},"end":{"line":10,"column":45}},"7":{"start":{"line":12,"column":21},"end":{"line":38,"column":1}},"8":{"start":{"line":13,"column":44},"end":{"line":13,"column":52}},"9":{"start":{"line":14,"column":15},"end":{"line":14,"column":45}},"10":{"start":{"line":15,"column":2},"end":{"line":21,"column":3}},"11":{"start":{"line":16,"column":4},"end":{"line":20,"column":6}},"12":{"start":{"line":22,"column":2},"end":{"line":37,"column":3}},"13":{"start":{"line":23,"column":20},"end":{"line":23,"column":73}},"14":{"start":{"line":24,"column":4},"end":{"line":34,"column":6}},"15":{"start":{"line":36,"column":4},"end":{"line":36,"column":11}},"16":{"start":{"line":40,"column":14},"end":{"line":62,"column":1}},"17":{"start":{"line":41,"column":30},"end":{"line":41,"column":38}},"18":{"start":{"line":42,"column":15},"end":{"line":42,"column":45}},"19":{"start":{"line":43,"column":26},"end":{"line":43,"column":63}},"20":{"start":{"line":44,"column":2},"end":{"line":50,"column":3}},"21":{"start":{"line":45,"column":4},"end":{"line":49,"column":6}},"22":{"start":{"line":51,"column":13},"end":{"line":51,"column":21}},"23":{"start":{"line":52,"column":18},"end":{"line":52,"column":24}},"24":{"start":{"line":53,"column":16},"end":{"line":53,"column":66}},"25":{"start":{"line":54,"column":2},"end":{"line":54,"column":36}},"26":{"start":{"line":55,"column":2},"end":{"line":61,"column":4}},"27":{"start":{"line":64,"column":15},"end":{"line":68,"column":1}},"28":{"start":{"line":65,"column":13},"end":{"line":65,"column":25}},"29":{"start":{"line":66,"column":2},"end":{"line":66,"column":35}},"30":{"start":{"line":67,"column":2},"end":{"line":67,"column":63}},"31":{"start":{"line":91,"column":21},"end":{"line":115,"column":1}},"32":{"start":{"line":92,"column":30},"end":{"line":92,"column":38}},"33":{"start":{"line":93,"column":15},"end":{"line":93,"column":23}},"34":{"start":{"line":95,"column":22},"end":{"line":95,"column":31}},"35":{"start":{"line":96,"column":24},"end":{"line":96,"column":54}},"36":{"start":{"line":97,"column":43},"end":{"line":100,"column":3}},"37":{"start":{"line":102,"column":2},"end":{"line":102,"column":60}},"38":{"start":{"line":103,"column":2},"end":{"line":107,"column":3}},"39":{"start":{"line":104,"column":4},"end":{"line":104,"column":30}},"40":{"start":{"line":106,"column":4},"end":{"line":106,"column":30}},"41":{"start":{"line":108,"column":2},"end":{"line":114,"column":4}},"42":{"start":{"line":117,"column":0},"end":{"line":122,"column":1}}},"fnMap":{"0":{"name":"(anonymous_0)","decl":{"start":{"line":12,"column":21},"end":{"line":12,"column":22}},"loc":{"start":{"line":12,"column":47},"end":{"line":38,"column":1}},"line":12},"1":{"name":"(anonymous_1)","decl":{"start":{"line":40,"column":14},"end":{"line":40,"column":15}},"loc":{"start":{"line":40,"column":40},"end":{"line":62,"column":1}},"line":40},"2":{"name":"(anonymous_2)","decl":{"start":{"line":64,"column":15},"end":{"line":64,"column":16}},"loc":{"start":{"line":64,"column":41},"end":{"line":68,"column":1}},"line":64},"3":{"name":"(anonymous_3)","decl":{"start":{"line":91,"column":21},"end":{"line":91,"column":22}},"loc":{"start":{"line":91,"column":47},"end":{"line":115,"column":1}},"line":91}},"branchMap":{"0":{"loc":{"start":{"line":15,"column":2},"end":{"line":21,"column":3}},"type":"if","locations":[{"start":{"line":15,"column":2},"end":{"line":21,"column":3}},{"start":{},"end":{}}],"line":15},"1":{"loc":{"start":{"line":44,"column":2},"end":{"line":50,"column":3}},"type":"if","locations":[{"start":{"line":44,"column":2},"end":{"line":50,"column":3}},{"start":{},"end":{}}],"line":44},"2":{"loc":{"start":{"line":44,"column":6},"end":{"line":44,"column":31}},"type":"binary-expr","locations":[{"start":{"line":44,"column":6},"end":{"line":44,"column":11}},{"start":{"line":44,"column":15},"end":{"line":44,"column":31}}],"line":44}},"s":{"0":2,"1":2,"2":2,"3":2,"4":2,"5":2,"6":2,"7":2,"8":2,"9":2,"10":2,"11":1,"12":1,"13":1,"14":1,"15":0,"16":2,"17":1,"18":1,"19":1,"20":1,"21":0,"22":1,"23":1,"24":1,"25":1,"26":1,"27":2,"28":0,"29":0,"30":0,"31":2,"32":1,"33":1,"34":1,"35":1,"36":1,"37":1,"38":1,"39":1,"40":0,"41":1,"42":2},"f":{"0":2,"1":1,"2":0,"3":1},"b":{"0":[1,1],"1":[0,1],"2":[1,1]},"_coverageSchema":"1a1c01bbd47fc00a2c39e90264f33305004495a9","hash":"97126bd35f96c3a38d5b864cf63ab48596425ea2"}
,"E:\\WebDir\\Online-schools\\GoIT\\Course\\Node31\\lesson10\\helpers\\customError.js": {"path":"E:\\WebDir\\Online-schools\\GoIT\\Course\\Node31\\lesson10\\helpers\\customError.js","statementMap":{"0":{"start":{"line":3,"column":4},"end":{"line":3,"column":11}},"1":{"start":{"line":4,"column":4},"end":{"line":4,"column":24}},"2":{"start":{"line":5,"column":4},"end":{"line":5,"column":26}},"3":{"start":{"line":6,"column":4},"end":{"line":6,"column":20}},"4":{"start":{"line":10,"column":0},"end":{"line":10,"column":32}}},"fnMap":{"0":{"name":"(anonymous_0)","decl":{"start":{"line":2,"column":2},"end":{"line":2,"column":3}},"loc":{"start":{"line":2,"column":53},"end":{"line":7,"column":3}},"line":2}},"branchMap":{"0":{"loc":{"start":{"line":2,"column":31},"end":{"line":2,"column":51}},"type":"default-arg","locations":[{"start":{"line":2,"column":38},"end":{"line":2,"column":51}}],"line":2}},"s":{"0":4,"1":4,"2":4,"3":4,"4":3},"f":{"0":4},"b":{"0":[4]},"_coverageSchema":"1a1c01bbd47fc00a2c39e90264f33305004495a9","hash":"874e1d3ed79e254b1188b82fbe7fd7608cf5d0b7"}
,"E:\\WebDir\\Online-schools\\GoIT\\Course\\Node31\\lesson10\\helpers\\errorHandler.js": {"path":"E:\\WebDir\\Online-schools\\GoIT\\Course\\Node31\\lesson10\\helpers\\errorHandler.js","statementMap":{"0":{"start":{"line":1,"column":16},"end":{"line":22,"column":1}},"1":{"start":{"line":1,"column":24},"end":{"line":22,"column":1}},"2":{"start":{"line":2,"column":2},"end":{"line":21,"column":3}},"3":{"start":{"line":3,"column":19},"end":{"line":3,"column":43}},"4":{"start":{"line":4,"column":4},"end":{"line":4,"column":17}},"5":{"start":{"line":6,"column":4},"end":{"line":20,"column":5}},"6":{"start":{"line":8,"column":8},"end":{"line":10,"column":71}},"7":{"start":{"line":11,"column":8},"end":{"line":11,"column":13}},"8":{"start":{"line":13,"column":8},"end":{"line":15,"column":80}},"9":{"start":{"line":16,"column":8},"end":{"line":16,"column":13}},"10":{"start":{"line":18,"column":8},"end":{"line":18,"column":19}},"11":{"start":{"line":19,"column":8},"end":{"line":19,"column":13}},"12":{"start":{"line":24,"column":0},"end":{"line":24,"column":24}}},"fnMap":{"0":{"name":"(anonymous_0)","decl":{"start":{"line":1,"column":16},"end":{"line":1,"column":17}},"loc":{"start":{"line":1,"column":24},"end":{"line":22,"column":1}},"line":1},"1":{"name":"(anonymous_1)","decl":{"start":{"line":1,"column":24},"end":{"line":1,"column":25}},"loc":{"start":{"line":1,"column":50},"end":{"line":22,"column":1}},"line":1}},"branchMap":{"0":{"loc":{"start":{"line":6,"column":4},"end":{"line":20,"column":5}},"type":"switch","locations":[{"start":{"line":7,"column":6},"end":{"line":11,"column":13}},{"start":{"line":12,"column":6},"end":{"line":16,"column":13}},{"start":{"line":17,"column":6},"end":{"line":19,"column":13}}],"line":6}},"s":{"0":2,"1":14,"2":4,"3":4,"4":3,"5":1,"6":0,"7":0,"8":1,"9":1,"10":0,"11":0,"12":2},"f":{"0":14,"1":4},"b":{"0":[0,1,0]},"_coverageSchema":"1a1c01bbd47fc00a2c39e90264f33305004495a9","hash":"3a971b661c0bd602b9149090e7c4dd654e71d52c"}
,"E:\\WebDir\\Online-schools\\GoIT\\Course\\Node31\\lesson10\\helpers\\guard.js": {"path":"E:\\WebDir\\Online-schools\\GoIT\\Course\\Node31\\lesson10\\helpers\\guard.js","statementMap":{"0":{"start":{"line":1,"column":17},"end":{"line":1,"column":36}},"1":{"start":{"line":2,"column":0},"end":{"line":2,"column":29}},"2":{"start":{"line":3,"column":21},"end":{"line":3,"column":51}},"3":{"start":{"line":5,"column":14},"end":{"line":18,"column":1}},"4":{"start":{"line":6,"column":2},"end":{"line":17,"column":20}},"5":{"start":{"line":7,"column":18},"end":{"line":7,"column":57}},"6":{"start":{"line":8,"column":4},"end":{"line":14,"column":5}},"7":{"start":{"line":9,"column":6},"end":{"line":13,"column":8}},"8":{"start":{"line":15,"column":4},"end":{"line":15,"column":19}},"9":{"start":{"line":16,"column":4},"end":{"line":16,"column":17}},"10":{"start":{"line":20,"column":0},"end":{"line":20,"column":22}}},"fnMap":{"0":{"name":"(anonymous_0)","decl":{"start":{"line":5,"column":14},"end":{"line":5,"column":15}},"loc":{"start":{"line":5,"column":34},"end":{"line":18,"column":1}},"line":5},"1":{"name":"(anonymous_1)","decl":{"start":{"line":6,"column":51},"end":{"line":6,"column":52}},"loc":{"start":{"line":6,"column":66},"end":{"line":17,"column":3}},"line":6}},"branchMap":{"0":{"loc":{"start":{"line":8,"column":4},"end":{"line":14,"column":5}},"type":"if","locations":[{"start":{"line":8,"column":4},"end":{"line":14,"column":5}},{"start":{},"end":{}}],"line":8},"1":{"loc":{"start":{"line":8,"column":8},"end":{"line":8,"column":44}},"type":"binary-expr","locations":[{"start":{"line":8,"column":8},"end":{"line":8,"column":13}},{"start":{"line":8,"column":17},"end":{"line":8,"column":20}},{"start":{"line":8,"column":24},"end":{"line":8,"column":44}}],"line":8}},"s":{"0":3,"1":3,"2":3,"3":3,"4":8,"5":8,"6":8,"7":2,"8":6,"9":6,"10":3},"f":{"0":8,"1":8},"b":{"0":[2,6],"1":[8,7,7]},"_coverageSchema":"1a1c01bbd47fc00a2c39e90264f33305004495a9","hash":"6ea930b9d02bcaa338d43a425629e9696f11f774"}
,"E:\\WebDir\\Online-schools\\GoIT\\Course\\Node31\\lesson10\\helpers\\rate-limit-login.js": {"path":"E:\\WebDir\\Online-schools\\GoIT\\Course\\Node31\\lesson10\\helpers\\rate-limit-login.js","statementMap":{"0":{"start":{"line":1,"column":18},"end":{"line":1,"column":47}},"1":{"start":{"line":2,"column":21},"end":{"line":2,"column":51}},"2":{"start":{"line":4,"column":16},"end":{"line":14,"column":2}},"3":{"start":{"line":8,"column":4},"end":{"line":12,"column":6}},"4":{"start":{"line":16,"column":0},"end":{"line":16,"column":24}}},"fnMap":{"0":{"name":"(anonymous_0)","decl":{"start":{"line":7,"column":11},"end":{"line":7,"column":12}},"loc":{"start":{"line":7,"column":31},"end":{"line":13,"column":3}},"line":7}},"branchMap":{},"s":{"0":2,"1":2,"2":2,"3":0,"4":2},"f":{"0":0},"b":{},"_coverageSchema":"1a1c01bbd47fc00a2c39e90264f33305004495a9","hash":"2d12963502851fbd7627ce8c06274f1d0fd3f3f8"}
,"E:\\WebDir\\Online-schools\\GoIT\\Course\\Node31\\lesson10\\helpers\\role.js": {"path":"E:\\WebDir\\Online-schools\\GoIT\\Course\\Node31\\lesson10\\helpers\\role.js","statementMap":{"0":{"start":{"line":1,"column":21},"end":{"line":1,"column":51}},"1":{"start":{"line":2,"column":22},"end":{"line":2,"column":57}},"2":{"start":{"line":4,"column":14},"end":{"line":16,"column":1}},"3":{"start":{"line":4,"column":24},"end":{"line":16,"column":1}},"4":{"start":{"line":5,"column":19},"end":{"line":5,"column":34}},"5":{"start":{"line":7,"column":2},"end":{"line":13,"column":3}},"6":{"start":{"line":8,"column":4},"end":{"line":12,"column":6}},"7":{"start":{"line":15,"column":2},"end":{"line":15,"column":15}},"8":{"start":{"line":18,"column":0},"end":{"line":18,"column":22}}},"fnMap":{"0":{"name":"(anonymous_0)","decl":{"start":{"line":4,"column":14},"end":{"line":4,"column":15}},"loc":{"start":{"line":4,"column":24},"end":{"line":16,"column":1}},"line":4},"1":{"name":"(anonymous_1)","decl":{"start":{"line":4,"column":24},"end":{"line":4,"column":25}},"loc":{"start":{"line":4,"column":44},"end":{"line":16,"column":1}},"line":4}},"branchMap":{"0":{"loc":{"start":{"line":7,"column":2},"end":{"line":13,"column":3}},"type":"if","locations":[{"start":{"line":7,"column":2},"end":{"line":13,"column":3}},{"start":{},"end":{}}],"line":7}},"s":{"0":2,"1":2,"2":2,"3":2,"4":0,"5":0,"6":0,"7":0,"8":2},"f":{"0":2,"1":0},"b":{"0":[0,0]},"_coverageSchema":"1a1c01bbd47fc00a2c39e90264f33305004495a9","hash":"0daf78cbbbf823f244c7ae2705b6df89206b835b"}
,"E:\\WebDir\\Online-schools\\GoIT\\Course\\Node31\\lesson10\\helpers\\uploads.js": {"path":"E:\\WebDir\\Online-schools\\GoIT\\Course\\Node31\\lesson10\\helpers\\uploads.js","statementMap":{"0":{"start":{"line":1,"column":15},"end":{"line":1,"column":32}},"1":{"start":{"line":2,"column":0},"end":{"line":2,"column":26}},"2":{"start":{"line":3,"column":24},"end":{"line":3,"column":48}},"3":{"start":{"line":4,"column":19},"end":{"line":4,"column":41}},"4":{"start":{"line":6,"column":16},"end":{"line":13,"column":2}},"5":{"start":{"line":8,"column":4},"end":{"line":8,"column":24}},"6":{"start":{"line":11,"column":4},"end":{"line":11,"column":61}},"7":{"start":{"line":15,"column":15},"end":{"line":26,"column":2}},"8":{"start":{"line":19,"column":4},"end":{"line":21,"column":5}},"9":{"start":{"line":20,"column":6},"end":{"line":20,"column":27}},"10":{"start":{"line":24,"column":4},"end":{"line":24,"column":55}},"11":{"start":{"line":28,"column":0},"end":{"line":28,"column":23}}},"fnMap":{"0":{"name":"(anonymous_0)","decl":{"start":{"line":7,"column":15},"end":{"line":7,"column":16}},"loc":{"start":{"line":7,"column":40},"end":{"line":9,"column":3}},"line":7},"1":{"name":"(anonymous_1)","decl":{"start":{"line":10,"column":12},"end":{"line":10,"column":13}},"loc":{"start":{"line":10,"column":37},"end":{"line":12,"column":3}},"line":10},"2":{"name":"(anonymous_2)","decl":{"start":{"line":18,"column":14},"end":{"line":18,"column":15}},"loc":{"start":{"line":18,"column":33},"end":{"line":25,"column":3}},"line":18}},"branchMap":{"0":{"loc":{"start":{"line":19,"column":4},"end":{"line":21,"column":5}},"type":"if","locations":[{"start":{"line":19,"column":4},"end":{"line":21,"column":5}},{"start":{},"end":{}}],"line":19}},"s":{"0":2,"1":2,"2":2,"3":2,"4":2,"5":1,"6":1,"7":2,"8":1,"9":1,"10":0,"11":2},"f":{"0":1,"1":1,"2":1},"b":{"0":[1,0]},"_coverageSchema":"1a1c01bbd47fc00a2c39e90264f33305004495a9","hash":"d1e2fbdc442d1f745fcfed64e58d64b9693eedd6"}
,"E:\\WebDir\\Online-schools\\GoIT\\Course\\Node31\\lesson10\\messages\\role-message.js": {"path":"E:\\WebDir\\Online-schools\\GoIT\\Course\\Node31\\lesson10\\messages\\role-message.js","statementMap":{"0":{"start":{"line":1,"column":18},"end":{"line":4,"column":1}},"1":{"start":{"line":6,"column":0},"end":{"line":6,"column":30}}},"fnMap":{},"branchMap":{},"s":{"0":2,"1":2},"f":{},"b":{},"_coverageSchema":"1a1c01bbd47fc00a2c39e90264f33305004495a9","hash":"c4e8bb23f8e0d57bd906bbebf7d6a732214f33e3"}
,"E:\\WebDir\\Online-schools\\GoIT\\Course\\Node31\\lesson10\\model\\cat.js": {"path":"E:\\WebDir\\Online-schools\\GoIT\\Course\\Node31\\lesson10\\model\\cat.js","statementMap":{"0":{"start":{"line":1,"column":39},"end":{"line":1,"column":58}},"1":{"start":{"line":2,"column":25},"end":{"line":2,"column":55}},"2":{"start":{"line":3,"column":25},"end":{"line":3,"column":56}},"3":{"start":{"line":5,"column":18},"end":{"line":44,"column":1}},"4":{"start":{"line":19,"column":22},"end":{"line":19,"column":39}},"5":{"start":{"line":37,"column":8},"end":{"line":37,"column":22}},"6":{"start":{"line":39,"column":8},"end":{"line":39,"column":18}},"7":{"start":{"line":46,"column":0},"end":{"line":51,"column":2}},"8":{"start":{"line":47,"column":2},"end":{"line":49,"column":3}},"9":{"start":{"line":48,"column":4},"end":{"line":48,"column":16}},"10":{"start":{"line":50,"column":2},"end":{"line":50,"column":16}},"11":{"start":{"line":53,"column":0},"end":{"line":56,"column":2}},"12":{"start":{"line":54,"column":13},"end":{"line":54,"column":23}},"13":{"start":{"line":55,"column":2},"end":{"line":55,"column":31}},"14":{"start":{"line":58,"column":0},"end":{"line":58,"column":34}},"15":{"start":{"line":60,"column":12},"end":{"line":60,"column":35}},"16":{"start":{"line":62,"column":0},"end":{"line":62,"column":20}}},"fnMap":{"0":{"name":"(anonymous_0)","decl":{"start":{"line":19,"column":11},"end":{"line":19,"column":12}},"loc":{"start":{"line":19,"column":22},"end":{"line":19,"column":39}},"line":19},"1":{"name":"(anonymous_1)","decl":{"start":{"line":36,"column":17},"end":{"line":36,"column":18}},"loc":{"start":{"line":36,"column":37},"end":{"line":40,"column":7}},"line":36},"2":{"name":"(anonymous_2)","decl":{"start":{"line":46,"column":32},"end":{"line":46,"column":33}},"loc":{"start":{"line":46,"column":44},"end":{"line":51,"column":1}},"line":46},"3":{"name":"(anonymous_3)","decl":{"start":{"line":53,"column":32},"end":{"line":53,"column":33}},"loc":{"start":{"line":53,"column":49},"end":{"line":56,"column":1}},"line":53}},"branchMap":{"0":{"loc":{"start":{"line":19,"column":22},"end":{"line":19,"column":39}},"type":"cond-expr","locations":[{"start":{"line":19,"column":30},"end":{"line":19,"column":32}},{"start":{"line":19,"column":35},"end":{"line":19,"column":39}}],"line":19},"1":{"loc":{"start":{"line":47,"column":2},"end":{"line":49,"column":3}},"type":"if","locations":[{"start":{"line":47,"column":2},"end":{"line":49,"column":3}},{"start":{},"end":{}}],"line":47}},"s":{"0":3,"1":3,"2":3,"3":3,"4":4,"5":2,"6":2,"7":3,"8":2,"9":0,"10":2,"11":3,"12":3,"13":3,"14":3,"15":3,"16":3},"f":{"0":4,"1":2,"2":2,"3":3},"b":{"0":[0,4],"1":[0,2]},"_coverageSchema":"1a1c01bbd47fc00a2c39e90264f33305004495a9","hash":"3d7f434c4c1eca0997dba83f2ad9c09e8290fb04"}
,"E:\\WebDir\\Online-schools\\GoIT\\Course\\Node31\\lesson10\\model\\user.js": {"path":"E:\\WebDir\\Online-schools\\GoIT\\Course\\Node31\\lesson10\\model\\user.js","statementMap":{"0":{"start":{"line":1,"column":26},"end":{"line":1,"column":45}},"1":{"start":{"line":2,"column":17},"end":{"line":2,"column":36}},"2":{"start":{"line":4,"column":19},"end":{"line":4,"column":49}},"3":{"start":{"line":5,"column":15},"end":{"line":5,"column":34}},"4":{"start":{"line":6,"column":20},"end":{"line":6,"column":21}},"5":{"start":{"line":8,"column":19},"end":{"line":59,"column":1}},"6":{"start":{"line":19,"column":19},"end":{"line":19,"column":32}},"7":{"start":{"line":20,"column":8},"end":{"line":20,"column":51}},"8":{"start":{"line":42,"column":8},"end":{"line":42,"column":59}},"9":{"start":{"line":53,"column":8},"end":{"line":53,"column":22}},"10":{"start":{"line":54,"column":8},"end":{"line":54,"column":18}},"11":{"start":{"line":61,"column":0},"end":{"line":67,"column":2}},"12":{"start":{"line":62,"column":2},"end":{"line":65,"column":3}},"13":{"start":{"line":63,"column":17},"end":{"line":63,"column":50}},"14":{"start":{"line":64,"column":4},"end":{"line":64,"column":58}},"15":{"start":{"line":66,"column":2},"end":{"line":66,"column":8}},"16":{"start":{"line":69,"column":0},"end":{"line":71,"column":1}},"17":{"start":{"line":70,"column":2},"end":{"line":70,"column":48}},"18":{"start":{"line":73,"column":13},"end":{"line":73,"column":38}},"19":{"start":{"line":75,"column":0},"end":{"line":75,"column":21}}},"fnMap":{"0":{"name":"(anonymous_0)","decl":{"start":{"line":18,"column":6},"end":{"line":18,"column":7}},"loc":{"start":{"line":18,"column":22},"end":{"line":21,"column":7}},"line":18},"1":{"name":"(anonymous_1)","decl":{"start":{"line":41,"column":15},"end":{"line":41,"column":16}},"loc":{"start":{"line":41,"column":27},"end":{"line":43,"column":7}},"line":41},"2":{"name":"(anonymous_2)","decl":{"start":{"line":52,"column":17},"end":{"line":52,"column":18}},"loc":{"start":{"line":52,"column":37},"end":{"line":55,"column":7}},"line":52},"3":{"name":"(anonymous_3)","decl":{"start":{"line":61,"column":23},"end":{"line":61,"column":24}},"loc":{"start":{"line":61,"column":45},"end":{"line":67,"column":1}},"line":61},"4":{"name":"(anonymous_4)","decl":{"start":{"line":69,"column":37},"end":{"line":69,"column":38}},"loc":{"start":{"line":69,"column":63},"end":{"line":71,"column":1}},"line":69}},"branchMap":{"0":{"loc":{"start":{"line":62,"column":2},"end":{"line":65,"column":3}},"type":"if","locations":[{"start":{"line":62,"column":2},"end":{"line":65,"column":3}},{"start":{},"end":{}}],"line":62}},"s":{"0":3,"1":3,"2":3,"3":3,"4":3,"5":3,"6":2,"7":2,"8":2,"9":1,"10":1,"11":3,"12":2,"13":2,"14":2,"15":2,"16":3,"17":1,"18":3,"19":3},"f":{"0":2,"1":2,"2":1,"3":2,"4":1},"b":{"0":[2,0]},"_coverageSchema":"1a1c01bbd47fc00a2c39e90264f33305004495a9","hash":"b7a1bc17f44d6bd3b9df905cf86536829006227c"}
,"E:\\WebDir\\Online-schools\\GoIT\\Course\\Node31\\lesson10\\repository\\cats.js": {"path":"E:\\WebDir\\Online-schools\\GoIT\\Course\\Node31\\lesson10\\repository\\cats.js","statementMap":{"0":{"start":{"line":1,"column":12},"end":{"line":1,"column":35}},"1":{"start":{"line":3,"column":17},"end":{"line":36,"column":1}},"2":{"start":{"line":15,"column":6},"end":{"line":15,"column":11}},"3":{"start":{"line":16,"column":24},"end":{"line":16,"column":41}},"4":{"start":{"line":17,"column":2},"end":{"line":19,"column":3}},"5":{"start":{"line":18,"column":4},"end":{"line":18,"column":45}},"6":{"start":{"line":20,"column":18},"end":{"line":32,"column":4}},"7":{"start":{"line":33,"column":25},"end":{"line":33,"column":32}},"8":{"start":{"line":34,"column":2},"end":{"line":34,"column":21}},"9":{"start":{"line":35,"column":2},"end":{"line":35,"column":29}},"10":{"start":{"line":38,"column":19},"end":{"line":44,"column":1}},"11":{"start":{"line":39,"column":17},"end":{"line":42,"column":4}},"12":{"start":{"line":43,"column":2},"end":{"line":43,"column":15}},"13":{"start":{"line":46,"column":18},"end":{"line":49,"column":1}},"14":{"start":{"line":47,"column":17},"end":{"line":47,"column":71}},"15":{"start":{"line":48,"column":2},"end":{"line":48,"column":15}},"16":{"start":{"line":51,"column":15},"end":{"line":54,"column":1}},"17":{"start":{"line":52,"column":17},"end":{"line":52,"column":39}},"18":{"start":{"line":53,"column":2},"end":{"line":53,"column":15}},"19":{"start":{"line":56,"column":18},"end":{"line":63,"column":1}},"20":{"start":{"line":57,"column":17},"end":{"line":61,"column":3}},"21":{"start":{"line":62,"column":2},"end":{"line":62,"column":15}},"22":{"start":{"line":65,"column":0},"end":{"line":71,"column":1}}},"fnMap":{"0":{"name":"(anonymous_0)","decl":{"start":{"line":3,"column":17},"end":{"line":3,"column":18}},"loc":{"start":{"line":3,"column":42},"end":{"line":36,"column":1}},"line":3},"1":{"name":"(anonymous_1)","decl":{"start":{"line":38,"column":19},"end":{"line":38,"column":20}},"loc":{"start":{"line":38,"column":41},"end":{"line":44,"column":1}},"line":38},"2":{"name":"(anonymous_2)","decl":{"start":{"line":46,"column":18},"end":{"line":46,"column":19}},"loc":{"start":{"line":46,"column":40},"end":{"line":49,"column":1}},"line":46},"3":{"name":"(anonymous_3)","decl":{"start":{"line":51,"column":15},"end":{"line":51,"column":16}},"loc":{"start":{"line":51,"column":31},"end":{"line":54,"column":1}},"line":51},"4":{"name":"(anonymous_4)","decl":{"start":{"line":56,"column":18},"end":{"line":56,"column":19}},"loc":{"start":{"line":56,"column":46},"end":{"line":63,"column":1}},"line":56}},"branchMap":{"0":{"loc":{"start":{"line":12,"column":4},"end":{"line":12,"column":23}},"type":"default-arg","locations":[{"start":{"line":12,"column":19},"end":{"line":12,"column":23}}],"line":12},"1":{"loc":{"start":{"line":13,"column":4},"end":{"line":13,"column":13}},"type":"default-arg","locations":[{"start":{"line":13,"column":12},"end":{"line":13,"column":13}}],"line":13},"2":{"loc":{"start":{"line":14,"column":4},"end":{"line":14,"column":14}},"type":"default-arg","locations":[{"start":{"line":14,"column":13},"end":{"line":14,"column":14}}],"line":14},"3":{"loc":{"start":{"line":17,"column":2},"end":{"line":19,"column":3}},"type":"if","locations":[{"start":{"line":17,"column":2},"end":{"line":19,"column":3}},{"start":{},"end":{}}],"line":17},"4":{"loc":{"start":{"line":24,"column":10},"end":{"line":24,"column":44}},"type":"cond-expr","locations":[{"start":{"line":24,"column":19},"end":{"line":24,"column":39}},{"start":{"line":24,"column":42},"end":{"line":24,"column":44}}],"line":24},"5":{"loc":{"start":{"line":25,"column":10},"end":{"line":25,"column":53}},"type":"cond-expr","locations":[{"start":{"line":25,"column":23},"end":{"line":25,"column":48}},{"start":{"line":25,"column":51},"end":{"line":25,"column":53}}],"line":25},"6":{"loc":{"start":{"line":27,"column":12},"end":{"line":27,"column":53}},"type":"cond-expr","locations":[{"start":{"line":27,"column":21},"end":{"line":27,"column":48}},{"start":{"line":27,"column":51},"end":{"line":27,"column":53}}],"line":27}},"s":{"0":3,"1":3,"2":1,"3":1,"4":1,"5":0,"6":1,"7":1,"8":1,"9":1,"10":3,"11":2,"12":2,"13":3,"14":0,"15":0,"16":3,"17":1,"18":1,"19":3,"20":0,"21":0,"22":3},"f":{"0":1,"1":2,"2":0,"3":1,"4":0},"b":{"0":[1],"1":[1],"2":[1],"3":[0,1],"4":[0,1],"5":[0,1],"6":[0,1]},"_coverageSchema":"1a1c01bbd47fc00a2c39e90264f33305004495a9","hash":"05eeedb6bd589b881ece3f999643375c9634b7fb"}
,"E:\\WebDir\\Online-schools\\GoIT\\Course\\Node31\\lesson10\\repository\\users.js": {"path":"E:\\WebDir\\Online-schools\\GoIT\\Course\\Node31\\lesson10\\repository\\users.js","statementMap":{"0":{"start":{"line":1,"column":13},"end":{"line":1,"column":37}},"1":{"start":{"line":3,"column":17},"end":{"line":5,"column":1}},"2":{"start":{"line":4,"column":2},"end":{"line":4,"column":32}},"3":{"start":{"line":7,"column":20},"end":{"line":9,"column":1}},"4":{"start":{"line":8,"column":2},"end":{"line":8,"column":38}},"5":{"start":{"line":11,"column":15},"end":{"line":14,"column":1}},"6":{"start":{"line":12,"column":15},"end":{"line":12,"column":32}},"7":{"start":{"line":13,"column":2},"end":{"line":13,"column":26}},"8":{"start":{"line":16,"column":20},"end":{"line":18,"column":1}},"9":{"start":{"line":17,"column":2},"end":{"line":17,"column":53}},"10":{"start":{"line":20,"column":21},"end":{"line":22,"column":1}},"11":{"start":{"line":21,"column":2},"end":{"line":21,"column":67}},"12":{"start":{"line":24,"column":0},"end":{"line":24,"column":77}}},"fnMap":{"0":{"name":"(anonymous_0)","decl":{"start":{"line":3,"column":17},"end":{"line":3,"column":18}},"loc":{"start":{"line":3,"column":31},"end":{"line":5,"column":1}},"line":3},"1":{"name":"(anonymous_1)","decl":{"start":{"line":7,"column":20},"end":{"line":7,"column":21}},"loc":{"start":{"line":7,"column":37},"end":{"line":9,"column":1}},"line":7},"2":{"name":"(anonymous_2)","decl":{"start":{"line":11,"column":15},"end":{"line":11,"column":16}},"loc":{"start":{"line":11,"column":34},"end":{"line":14,"column":1}},"line":11},"3":{"name":"(anonymous_3)","decl":{"start":{"line":16,"column":20},"end":{"line":16,"column":21}},"loc":{"start":{"line":16,"column":41},"end":{"line":18,"column":1}},"line":16},"4":{"name":"(anonymous_4)","decl":{"start":{"line":20,"column":21},"end":{"line":20,"column":22}},"loc":{"start":{"line":20,"column":63},"end":{"line":22,"column":1}},"line":20}},"branchMap":{"0":{"loc":{"start":{"line":20,"column":40},"end":{"line":20,"column":58}},"type":"default-arg","locations":[{"start":{"line":20,"column":54},"end":{"line":20,"column":58}}],"line":20}},"s":{"0":3,"1":3,"2":5,"3":3,"4":3,"5":3,"6":1,"7":1,"8":3,"9":1,"10":3,"11":1,"12":3},"f":{"0":5,"1":3,"2":1,"3":1,"4":1},"b":{"0":[0]},"_coverageSchema":"1a1c01bbd47fc00a2c39e90264f33305004495a9","hash":"22adf696e91b1bcb0cfefb8df6f40b8289672106"}
,"E:\\WebDir\\Online-schools\\GoIT\\Course\\Node31\\lesson10\\routes\\cats\\cats.js": {"path":"E:\\WebDir\\Online-schools\\GoIT\\Course\\Node31\\lesson10\\routes\\cats\\cats.js","statementMap":{"0":{"start":{"line":1,"column":16},"end":{"line":1,"column":34}},"1":{"start":{"line":2,"column":15},"end":{"line":2,"column":31}},"2":{"start":{"line":10,"column":4},"end":{"line":10,"column":37}},"3":{"start":{"line":11,"column":55},"end":{"line":11,"column":78}},"4":{"start":{"line":12,"column":14},"end":{"line":12,"column":44}},"5":{"start":{"line":13,"column":13},"end":{"line":13,"column":42}},"6":{"start":{"line":14,"column":18},"end":{"line":14,"column":55}},"7":{"start":{"line":15,"column":19},"end":{"line":15,"column":52}},"8":{"start":{"line":17,"column":0},"end":{"line":17,"column":42}},"9":{"start":{"line":19,"column":0},"end":{"line":30,"column":1}},"10":{"start":{"line":24,"column":4},"end":{"line":28,"column":6}},"11":{"start":{"line":32,"column":0},"end":{"line":32,"column":56}},"12":{"start":{"line":34,"column":0},"end":{"line":34,"column":56}},"13":{"start":{"line":36,"column":0},"end":{"line":36,"column":62}},"14":{"start":{"line":38,"column":0},"end":{"line":38,"column":76}},"15":{"start":{"line":40,"column":0},"end":{"line":45,"column":1}},"16":{"start":{"line":47,"column":0},"end":{"line":47,"column":23}}},"fnMap":{"0":{"name":"(anonymous_0)","decl":{"start":{"line":23,"column":12},"end":{"line":23,"column":13}},"loc":{"start":{"line":23,"column":32},"end":{"line":29,"column":3}},"line":23}},"branchMap":{},"s":{"0":2,"1":2,"2":2,"3":2,"4":2,"5":2,"6":2,"7":2,"8":2,"9":2,"10":0,"11":2,"12":2,"13":2,"14":2,"15":2,"16":2},"f":{"0":0},"b":{},"_coverageSchema":"1a1c01bbd47fc00a2c39e90264f33305004495a9","hash":"947ac281c3107dae8fbd0f4f8cfb2fd9c7eddce7"}
,"E:\\WebDir\\Online-schools\\GoIT\\Course\\Node31\\lesson10\\routes\\cats\\validation.js": {"path":"E:\\WebDir\\Online-schools\\GoIT\\Course\\Node31\\lesson10\\routes\\cats\\validation.js","statementMap":{"0":{"start":{"line":1,"column":12},"end":{"line":1,"column":26}},"1":{"start":{"line":2,"column":0},"end":{"line":2,"column":43}},"2":{"start":{"line":3,"column":25},"end":{"line":3,"column":58}},"3":{"start":{"line":5,"column":18},"end":{"line":13,"column":2}},"4":{"start":{"line":15,"column":24},"end":{"line":17,"column":2}},"5":{"start":{"line":19,"column":17},"end":{"line":21,"column":2}},"6":{"start":{"line":23,"column":17},"end":{"line":34,"column":1}},"7":{"start":{"line":24,"column":2},"end":{"line":33,"column":3}},"8":{"start":{"line":25,"column":4},"end":{"line":25,"column":35}},"9":{"start":{"line":26,"column":4},"end":{"line":26,"column":10}},"10":{"start":{"line":28,"column":4},"end":{"line":32,"column":6}},"11":{"start":{"line":36,"column":0},"end":{"line":38,"column":1}},"12":{"start":{"line":37,"column":2},"end":{"line":37,"column":55}},"13":{"start":{"line":40,"column":0},"end":{"line":42,"column":1}},"14":{"start":{"line":41,"column":2},"end":{"line":41,"column":61}},"15":{"start":{"line":44,"column":0},"end":{"line":46,"column":1}},"16":{"start":{"line":45,"column":2},"end":{"line":45,"column":56}}},"fnMap":{"0":{"name":"(anonymous_0)","decl":{"start":{"line":23,"column":17},"end":{"line":23,"column":18}},"loc":{"start":{"line":23,"column":51},"end":{"line":34,"column":1}},"line":23},"1":{"name":"(anonymous_1)","decl":{"start":{"line":36,"column":29},"end":{"line":36,"column":30}},"loc":{"start":{"line":36,"column":55},"end":{"line":38,"column":1}},"line":36},"2":{"name":"(anonymous_2)","decl":{"start":{"line":40,"column":35},"end":{"line":40,"column":36}},"loc":{"start":{"line":40,"column":61},"end":{"line":42,"column":1}},"line":40},"3":{"name":"(anonymous_3)","decl":{"start":{"line":44,"column":28},"end":{"line":44,"column":29}},"loc":{"start":{"line":44,"column":54},"end":{"line":46,"column":1}},"line":44}},"branchMap":{},"s":{"0":2,"1":2,"2":2,"3":2,"4":2,"5":2,"6":2,"7":3,"8":3,"9":3,"10":0,"11":2,"12":1,"13":2,"14":0,"15":2,"16":2},"f":{"0":3,"1":1,"2":0,"3":2},"b":{},"_coverageSchema":"1a1c01bbd47fc00a2c39e90264f33305004495a9","hash":"a05a55fae9011567848c3dc3f6d037326dbc5a50"}
,"E:\\WebDir\\Online-schools\\GoIT\\Course\\Node31\\lesson10\\routes\\users\\users.js": {"path":"E:\\WebDir\\Online-schools\\GoIT\\Course\\Node31\\lesson10\\routes\\users\\users.js","statementMap":{"0":{"start":{"line":1,"column":16},"end":{"line":1,"column":34}},"1":{"start":{"line":2,"column":15},"end":{"line":2,"column":31}},"2":{"start":{"line":8,"column":4},"end":{"line":8,"column":38}},"3":{"start":{"line":9,"column":14},"end":{"line":9,"column":44}},"4":{"start":{"line":10,"column":19},"end":{"line":10,"column":60}},"5":{"start":{"line":11,"column":15},"end":{"line":11,"column":47}},"6":{"start":{"line":13,"column":0},"end":{"line":13,"column":42}},"7":{"start":{"line":14,"column":0},"end":{"line":14,"column":40}},"8":{"start":{"line":15,"column":0},"end":{"line":15,"column":37}},"9":{"start":{"line":16,"column":0},"end":{"line":16,"column":69}},"10":{"start":{"line":18,"column":0},"end":{"line":18,"column":23}}},"fnMap":{},"branchMap":{},"s":{"0":2,"1":2,"2":2,"3":2,"4":2,"5":2,"6":2,"7":2,"8":2,"9":2,"10":2},"f":{},"b":{},"_coverageSchema":"1a1c01bbd47fc00a2c39e90264f33305004495a9","hash":"aaf37f52432ab0f85783cf5842e2ae5b530d200c"}
,"E:\\WebDir\\Online-schools\\GoIT\\Course\\Node31\\lesson10\\services\\cloud-upload.js": {"path":"E:\\WebDir\\Online-schools\\GoIT\\Course\\Node31\\lesson10\\services\\cloud-upload.js","statementMap":{"0":{"start":{"line":1,"column":19},"end":{"line":1,"column":43}},"1":{"start":{"line":2,"column":22},"end":{"line":2,"column":37}},"2":{"start":{"line":4,"column":0},"end":{"line":4,"column":26}},"3":{"start":{"line":5,"column":0},"end":{"line":10,"column":2}},"4":{"start":{"line":14,"column":4},"end":{"line":14,"column":34}},"5":{"start":{"line":15,"column":4},"end":{"line":15,"column":60}},"6":{"start":{"line":20,"column":6},"end":{"line":24,"column":8}},"7":{"start":{"line":25,"column":4},"end":{"line":28,"column":5}},"8":{"start":{"line":32,"column":0},"end":{"line":32,"column":33}}},"fnMap":{"0":{"name":"(anonymous_0)","decl":{"start":{"line":13,"column":2},"end":{"line":13,"column":3}},"loc":{"start":{"line":13,"column":27},"end":{"line":16,"column":3}},"line":13},"1":{"name":"(anonymous_1)","decl":{"start":{"line":18,"column":2},"end":{"line":18,"column":3}},"loc":{"start":{"line":18,"column":36},"end":{"line":29,"column":3}},"line":18}},"branchMap":{},"s":{"0":2,"1":2,"2":2,"3":2,"4":1,"5":1,"6":1,"7":1,"8":2},"f":{"0":1,"1":1},"b":{},"_coverageSchema":"1a1c01bbd47fc00a2c39e90264f33305004495a9","hash":"bcbbb94c9356c245c7a6bc8ae08ebfd39cd9f76e"}
,"E:\\WebDir\\Online-schools\\GoIT\\Course\\Node31\\lesson10\\test\\data\\data.js": {"path":"E:\\WebDir\\Online-schools\\GoIT\\Course\\Node31\\lesson10\\test\\data\\data.js","statementMap":{"0":{"start":{"line":1,"column":15},"end":{"line":4,"column":1}},"1":{"start":{"line":6,"column":27},"end":{"line":11,"column":1}},"2":{"start":{"line":13,"column":28},"end":{"line":18,"column":1}},"3":{"start":{"line":20,"column":0},"end":{"line":20,"column":68}}},"fnMap":{},"branchMap":{},"s":{"0":2,"1":2,"2":2,"3":2},"f":{},"b":{},"_coverageSchema":"1a1c01bbd47fc00a2c39e90264f33305004495a9","hash":"7ae45a389f0fa74ca5f559d35854c1c4e517596c"}
}
