TN:
SF:app.js
FN:21,(anonymous_0)
FN:29,(anonymous_1)
FN:33,(anonymous_2)
FNF:3
FNH:1
FNDA:8,(anonymous_0)
FNDA:0,(anonymous_1)
FNDA:0,(anonymous_2)
DA:1,2
DA:2,2
DA:3,2
DA:4,2
DA:5,2
DA:6,2
DA:7,2
DA:8,2
DA:9,2
DA:11,2
DA:13,2
DA:14,2
DA:15,2
DA:16,2
DA:17,2
DA:18,2
DA:19,2
DA:21,2
DA:22,8
DA:23,8
DA:26,2
DA:27,2
DA:29,2
DA:30,0
DA:33,2
DA:34,0
DA:35,0
DA:42,2
LF:28
LH:25
BRDA:13,0,0,0
BRDA:13,0,1,2
BRDA:16,1,0,2
BRDA:16,1,1,0
BRDA:34,2,0,0
BRDA:34,2,1,0
BRDA:36,3,0,0
BRDA:36,3,1,0
BRF:8
BRH:2
end_of_record
TN:
SF:config\constants.js
FNF:0
FNH:0
DA:1,4
DA:6,4
DA:12,4
DA:26,4
LF:4
LH:4
BRF:0
BRH:0
end_of_record
TN:
SF:config\db.js
FN:17,(anonymous_0)
FN:21,(anonymous_1)
FN:27,(anonymous_2)
FNF:3
FNH:1
FNDA:2,(anonymous_0)
FNDA:0,(anonymous_1)
FNDA:0,(anonymous_2)
DA:1,2
DA:2,2
DA:5,2
DA:6,2
DA:8,0
DA:11,2
DA:16,2
DA:17,2
DA:18,2
DA:21,2
DA:22,0
DA:27,2
DA:28,0
DA:29,0
DA:30,0
DA:33,2
LF:16
LH:11
BRDA:5,0,0,2
BRDA:5,0,1,0
BRDA:16,1,0,2
BRDA:16,1,1,0
BRF:4
BRH:2
end_of_record
TN:
SF:config\passport.js
FN:13,(anonymous_0)
FNF:1
FNH:1
FNDA:5,(anonymous_0)
DA:1,3
DA:2,3
DA:3,3
DA:4,3
DA:5,3
DA:7,3
DA:12,3
DA:14,5
DA:15,5
DA:16,5
DA:17,0
DA:19,5
DA:20,0
DA:22,5
DA:24,0
LF:15
LH:12
BRDA:16,0,0,0
BRDA:16,0,1,5
BRDA:19,1,0,0
BRDA:19,1,1,5
BRF:4
BRH:2
end_of_record
TN:
SF:controllers\cats.js
FN:4,(anonymous_0)
FN:10,(anonymous_1)
FN:21,(anonymous_2)
FN:27,(anonymous_3)
FN:36,(anonymous_4)
FN:45,(anonymous_5)
FNF:6
FNH:4
FNDA:1,(anonymous_0)
FNDA:2,(anonymous_1)
FNDA:1,(anonymous_2)
FNDA:0,(anonymous_3)
FNDA:3,(anonymous_4)
FNDA:0,(anonymous_5)
DA:1,3
DA:2,3
DA:4,3
DA:5,1
DA:6,1
DA:7,1
DA:10,3
DA:11,2
DA:12,2
DA:14,2
DA:15,1
DA:18,1
DA:21,3
DA:22,1
DA:23,1
DA:24,1
DA:27,3
DA:28,0
DA:29,0
DA:30,0
DA:31,0
DA:33,0
DA:36,3
DA:37,3
DA:38,3
DA:39,3
DA:40,1
DA:42,2
DA:45,3
DA:46,0
DA:47,0
DA:48,0
DA:49,0
DA:51,0
DA:54,3
LF:35
LH:25
BRDA:14,0,0,1
BRDA:14,0,1,1
BRDA:30,1,0,0
BRDA:30,1,1,0
BRDA:39,2,0,1
BRDA:39,2,1,2
BRDA:48,3,0,0
BRDA:48,3,1,0
BRF:8
BRH:4
end_of_record
TN:
SF:controllers\users.js
FN:12,(anonymous_0)
FN:40,(anonymous_1)
FN:64,(anonymous_2)
FN:91,(anonymous_3)
FNF:4
FNH:3
FNDA:2,(anonymous_0)
FNDA:1,(anonymous_1)
FNDA:0,(anonymous_2)
FNDA:1,(anonymous_3)
DA:1,2
DA:2,2
DA:5,2
DA:7,2
DA:8,2
DA:9,2
DA:10,2
DA:12,2
DA:13,2
DA:14,2
DA:15,2
DA:16,1
DA:22,1
DA:23,1
DA:24,1
DA:36,0
DA:40,2
DA:41,1
DA:42,1
DA:43,1
DA:44,1
DA:45,0
DA:51,1
DA:52,1
DA:53,1
DA:54,1
DA:55,1
DA:64,2
DA:65,0
DA:66,0
DA:67,0
DA:91,2
DA:92,1
DA:93,1
DA:95,1
DA:96,1
DA:97,1
DA:102,1
DA:103,1
DA:104,1
DA:106,0
DA:108,1
DA:117,2
LF:43
LH:37
BRDA:15,0,0,1
BRDA:15,0,1,1
BRDA:44,1,0,0
BRDA:44,1,1,1
BRDA:44,2,0,1
BRDA:44,2,1,1
BRF:6
BRH:5
end_of_record
TN:
SF:helpers\customError.js
FN:2,(anonymous_0)
FNF:1
FNH:1
FNDA:4,(anonymous_0)
DA:3,4
DA:4,4
DA:5,4
DA:6,4
DA:10,3
LF:5
LH:5
BRDA:2,0,0,4
BRF:1
BRH:1
end_of_record
TN:
SF:helpers\errorHandler.js
FN:1,(anonymous_0)
FN:1,(anonymous_1)
FNF:2
FNH:2
FNDA:14,(anonymous_0)
FNDA:4,(anonymous_1)
DA:1,14
DA:2,4
DA:3,4
DA:4,3
DA:6,1
DA:8,0
DA:11,0
DA:13,1
DA:16,1
DA:18,0
DA:19,0
DA:24,2
LF:12
LH:8
BRDA:6,0,0,0
BRDA:6,0,1,1
BRDA:6,0,2,0
BRF:3
BRH:1
end_of_record
TN:
SF:helpers\guard.js
FN:5,(anonymous_0)
FN:6,(anonymous_1)
FNF:2
FNH:2
FNDA:8,(anonymous_0)
FNDA:8,(anonymous_1)
DA:1,3
DA:2,3
DA:3,3
DA:5,3
DA:6,8
DA:7,8
DA:8,8
DA:9,2
DA:15,6
DA:16,6
DA:20,3
LF:11
LH:11
BRDA:8,0,0,2
BRDA:8,0,1,6
BRDA:8,1,0,8
BRDA:8,1,1,7
BRDA:8,1,2,7
BRF:5
BRH:5
end_of_record
TN:
SF:helpers\rate-limit-login.js
FN:7,(anonymous_0)
FNF:1
FNH:0
FNDA:0,(anonymous_0)
DA:1,2
DA:2,2
DA:4,2
DA:8,0
DA:16,2
LF:5
LH:4
BRF:0
BRH:0
end_of_record
TN:
SF:helpers\role.js
FN:4,(anonymous_0)
FN:4,(anonymous_1)
FNF:2
FNH:1
FNDA:2,(anonymous_0)
FNDA:0,(anonymous_1)
DA:1,2
DA:2,2
DA:4,2
DA:5,0
DA:7,0
DA:8,0
DA:15,0
DA:18,2
LF:8
LH:4
BRDA:7,0,0,0
BRDA:7,0,1,0
BRF:2
BRH:0
end_of_record
TN:
SF:helpers\uploads.js
FN:7,(anonymous_0)
FN:10,(anonymous_1)
FN:18,(anonymous_2)
FNF:3
FNH:3
FNDA:1,(anonymous_0)
FNDA:1,(anonymous_1)
FNDA:1,(anonymous_2)
DA:1,2
DA:2,2
DA:3,2
DA:4,2
DA:6,2
DA:8,1
DA:11,1
DA:15,2
DA:19,1
DA:20,1
DA:24,0
DA:28,2
LF:12
LH:11
BRDA:19,0,0,1
BRDA:19,0,1,0
BRF:2
BRH:1
end_of_record
TN:
SF:messages\role-message.js
FNF:0
FNH:0
DA:1,2
DA:6,2
LF:2
LH:2
BRF:0
BRH:0
end_of_record
TN:
SF:model\cat.js
FN:19,(anonymous_0)
FN:36,(anonymous_1)
FN:46,(anonymous_2)
FN:53,(anonymous_3)
FNF:4
FNH:4
FNDA:4,(anonymous_0)
FNDA:2,(anonymous_1)
FNDA:2,(anonymous_2)
FNDA:3,(anonymous_3)
DA:1,3
DA:2,3
DA:3,3
DA:5,3
DA:19,4
DA:37,2
DA:39,2
DA:46,3
DA:47,2
DA:48,0
DA:50,2
DA:53,3
DA:54,3
DA:55,3
DA:58,3
DA:60,3
DA:62,3
LF:17
LH:16
BRDA:19,0,0,0
BRDA:19,0,1,4
BRDA:47,1,0,0
BRDA:47,1,1,2
BRF:4
BRH:2
end_of_record
TN:
SF:model\user.js
FN:18,(anonymous_0)
FN:41,(anonymous_1)
FN:52,(anonymous_2)
FN:61,(anonymous_3)
FN:69,(anonymous_4)
FNF:5
FNH:5
FNDA:2,(anonymous_0)
FNDA:2,(anonymous_1)
FNDA:1,(anonymous_2)
FNDA:2,(anonymous_3)
FNDA:1,(anonymous_4)
DA:1,3
DA:2,3
DA:4,3
DA:5,3
DA:6,3
DA:8,3
DA:19,2
DA:20,2
DA:42,2
DA:53,1
DA:54,1
DA:61,3
DA:62,2
DA:63,2
DA:64,2
DA:66,2
DA:69,3
DA:70,1
DA:73,3
DA:75,3
LF:20
LH:20
BRDA:62,0,0,2
BRDA:62,0,1,0
BRF:2
BRH:1
end_of_record
TN:
SF:repository\cats.js
FN:3,(anonymous_0)
FN:38,(anonymous_1)
FN:46,(anonymous_2)
FN:51,(anonymous_3)
FN:56,(anonymous_4)
FNF:5
FNH:3
FNDA:1,(anonymous_0)
FNDA:2,(anonymous_1)
FNDA:0,(anonymous_2)
FNDA:1,(anonymous_3)
FNDA:0,(anonymous_4)
DA:1,3
DA:3,3
DA:15,1
DA:16,1
DA:17,1
DA:18,0
DA:20,1
DA:33,1
DA:34,1
DA:35,1
DA:38,3
DA:39,2
DA:43,2
DA:46,3
DA:47,0
DA:48,0
DA:51,3
DA:52,1
DA:53,1
DA:56,3
DA:57,0
DA:62,0
DA:65,3
LF:23
LH:18
BRDA:12,0,0,1
BRDA:13,1,0,1
BRDA:14,2,0,1
BRDA:17,3,0,0
BRDA:17,3,1,1
BRDA:24,4,0,0
BRDA:24,4,1,1
BRDA:25,5,0,0
BRDA:25,5,1,1
BRDA:27,6,0,0
BRDA:27,6,1,1
BRF:11
BRH:7
end_of_record
TN:
SF:repository\users.js
FN:3,(anonymous_0)
FN:7,(anonymous_1)
FN:11,(anonymous_2)
FN:16,(anonymous_3)
FN:20,(anonymous_4)
FNF:5
FNH:5
FNDA:5,(anonymous_0)
FNDA:3,(anonymous_1)
FNDA:1,(anonymous_2)
FNDA:1,(anonymous_3)
FNDA:1,(anonymous_4)
DA:1,3
DA:3,3
DA:4,5
DA:7,3
DA:8,3
DA:11,3
DA:12,1
DA:13,1
DA:16,3
DA:17,1
DA:20,3
DA:21,1
DA:24,3
LF:13
LH:13
BRDA:20,0,0,0
BRF:1
BRH:0
end_of_record
TN:
SF:routes\cats\cats.js
FN:23,(anonymous_0)
FNF:1
FNH:0
FNDA:0,(anonymous_0)
DA:1,2
DA:2,2
DA:10,2
DA:11,2
DA:12,2
DA:13,2
DA:14,2
DA:15,2
DA:17,2
DA:19,2
DA:24,0
DA:32,2
DA:34,2
DA:36,2
DA:38,2
DA:40,2
DA:47,2
LF:17
LH:16
BRF:0
BRH:0
end_of_record
TN:
SF:routes\cats\validation.js
FN:23,(anonymous_0)
FN:36,(anonymous_1)
FN:40,(anonymous_2)
FN:44,(anonymous_3)
FNF:4
FNH:3
FNDA:3,(anonymous_0)
FNDA:1,(anonymous_1)
FNDA:0,(anonymous_2)
FNDA:2,(anonymous_3)
DA:1,2
DA:2,2
DA:3,2
DA:5,2
DA:15,2
DA:19,2
DA:23,2
DA:24,3
DA:25,3
DA:26,3
DA:28,0
DA:36,2
DA:37,1
DA:40,2
DA:41,0
DA:44,2
DA:45,2
LF:17
LH:15
BRF:0
BRH:0
end_of_record
TN:
SF:routes\users\users.js
FNF:0
FNH:0
DA:1,2
DA:2,2
DA:8,2
DA:9,2
DA:10,2
DA:11,2
DA:13,2
DA:14,2
DA:15,2
DA:16,2
DA:18,2
LF:11
LH:11
BRF:0
BRH:0
end_of_record
TN:
SF:services\cloud-upload.js
FN:13,(anonymous_0)
FN:18,(anonymous_1)
FNF:2
FNH:2
FNDA:1,(anonymous_0)
FNDA:1,(anonymous_1)
DA:1,2
DA:2,2
DA:4,2
DA:5,2
DA:14,1
DA:15,1
DA:20,1
DA:25,1
DA:32,2
LF:9
LH:9
BRF:0
BRH:0
end_of_record
TN:
SF:test\data\data.js
FNF:0
FNH:0
DA:1,2
DA:6,2
DA:13,2
DA:20,2
LF:4
LH:4
BRF:0
BRH:0
end_of_record
